Using pre-set license
Built from '2020.3/staging' branch; Version is '2020.3.25f1 (9b9180224418) revision 10195328'; Using compiler version '192528614'; Build Type 'Release'
OS: 'Windows 10  (10.0.19044) 64bit Professional' Language: 'en' Physical Memory: 16343 MB
BatchMode: 1, IsHumanControllingUs: 0, StartBugReporterOnCrash: 0, Is64bit: 1, IsPro: 0

COMMAND LINE ARGUMENTS:
W:\Unity Editors\2020.3.25f1\Editor\Unity.exe
-adb2
-batchMode
-noUpm
-name
AssetImportWorker0
-projectPath
W:/CLASES DESARROLLO PARA REDES/Clase 9 (Photon full auth 1)/Full Auth Base Incompleto/Full Auth Base
-logFile
Logs/AssetImportWorker0.log
-srvPort
56963
Successfully changed project path to: W:/CLASES DESARROLLO PARA REDES/Clase 9 (Photon full auth 1)/Full Auth Base Incompleto/Full Auth Base
W:/CLASES DESARROLLO PARA REDES/Clase 9 (Photon full auth 1)/Full Auth Base Incompleto/Full Auth Base
Using Asset Import Pipeline V2.
Refreshing native plugins compatible for Editor in 32.62 ms, found 2 plugins.
Preloading 0 native plugins for Editor in 0.00 ms.
Initialize engine version: 2020.3.25f1 (9b9180224418)
[Subsystems] Discovering subsystems at path W:/Unity Editors/2020.3.25f1/Editor/Data/Resources/UnitySubsystems
[Subsystems] Discovering subsystems at path W:/CLASES DESARROLLO PARA REDES/Clase 9 (Photon full auth 1)/Full Auth Base Incompleto/Full Auth Base/Assets
GfxDevice: creating device client; threaded=0
Direct3D:
    Version:  Direct3D 11.0 [level 11.1]
    Renderer: NVIDIA GeForce GTX 970 (ID=0x13c2)
    Vendor:   
    VRAM:     4043 MB
    Driver:   30.0.14.7168
Initialize mono
Mono path[0] = 'W:/Unity Editors/2020.3.25f1/Editor/Data/Managed'
Mono path[1] = 'W:/Unity Editors/2020.3.25f1/Editor/Data/MonoBleedingEdge/lib/mono/unityjit'
Mono config path = 'W:/Unity Editors/2020.3.25f1/Editor/Data/MonoBleedingEdge/etc'
Using monoOptions --debugger-agent=transport=dt_socket,embedding=1,server=y,suspend=n,address=127.0.0.1:56440
Begin MonoManager ReloadAssembly
Registering precompiled unity dll's ...
Register platform support module: W:/Unity Editors/2020.3.25f1/Editor/Data/PlaybackEngines/WebGLSupport/UnityEditor.WebGL.Extensions.dll
Register platform support module: W:/Unity Editors/2020.3.25f1/Editor/Data/PlaybackEngines/WindowsStandaloneSupport/UnityEditor.WindowsStandalone.Extensions.dll
Registered in 0.001209 seconds.
Native extension for WindowsStandalone target not found
Native extension for WebGL target not found
Refreshing native plugins compatible for Editor in 71.72 ms, found 2 plugins.
Preloading 0 native plugins for Editor in 0.00 ms.
Mono: successfully reloaded assembly
- Completed reload, in  0.818 seconds
Domain Reload Profiling:
	ReloadAssembly (819ms)
		BeginReloadAssembly (51ms)
			ExecutionOrderSort (0ms)
			DisableScriptedObjects (0ms)
			BackupInstance (0ms)
			ReleaseScriptingObjects (0ms)
			CreateAndSetChildDomain (1ms)
		EndReloadAssembly (695ms)
			LoadAssemblies (50ms)
			RebuildTransferFunctionScriptingTraits (0ms)
			SetupTypeCache (225ms)
			ReleaseScriptCaches (0ms)
			RebuildScriptCaches (71ms)
			SetupLoadedEditorAssemblies (246ms)
				LogAssemblyErrors (0ms)
				InitializePlatformSupportModulesInManaged (13ms)
				SetLoadedEditorAssemblies (0ms)
				RefreshPlugins (72ms)
				BeforeProcessingInitializeOnLoad (31ms)
				ProcessInitializeOnLoadAttributes (105ms)
				ProcessInitializeOnLoadMethodAttributes (25ms)
				AfterProcessingInitializeOnLoad (0ms)
				EditorAssembliesLoaded (0ms)
			ExecutionOrderSort2 (0ms)
			AwakeInstancesAfterBackupRestoration (0ms)
Platform modules already initialized, skipping
Registering precompiled user dll's ...
Registered in 0.003428 seconds.
Begin MonoManager ReloadAssembly
Native extension for WindowsStandalone target not found
Native extension for WebGL target not found
Refreshing native plugins compatible for Editor in 0.34 ms, found 2 plugins.
Preloading 0 native plugins for Editor in 0.00 ms.
Mono: successfully reloaded assembly
- Completed reload, in  1.196 seconds
Domain Reload Profiling:
	ReloadAssembly (1197ms)
		BeginReloadAssembly (219ms)
			ExecutionOrderSort (0ms)
			DisableScriptedObjects (8ms)
			BackupInstance (0ms)
			ReleaseScriptingObjects (0ms)
			CreateAndSetChildDomain (36ms)
		EndReloadAssembly (915ms)
			LoadAssemblies (106ms)
			RebuildTransferFunctionScriptingTraits (0ms)
			SetupTypeCache (311ms)
			ReleaseScriptCaches (0ms)
			RebuildScriptCaches (47ms)
			SetupLoadedEditorAssemblies (371ms)
				LogAssemblyErrors (0ms)
				InitializePlatformSupportModulesInManaged (5ms)
				SetLoadedEditorAssemblies (0ms)
				RefreshPlugins (0ms)
				BeforeProcessingInitializeOnLoad (80ms)
				ProcessInitializeOnLoadAttributes (274ms)
				ProcessInitializeOnLoadMethodAttributes (9ms)
				AfterProcessingInitializeOnLoad (2ms)
				EditorAssembliesLoaded (0ms)
			ExecutionOrderSort2 (0ms)
			AwakeInstancesAfterBackupRestoration (8ms)
Platform modules already initialized, skipping
========================================================================
Worker process is ready to serve import requests
Launched and connected shader compiler UnityShaderCompiler.exe after 0.13 seconds
Refreshing native plugins compatible for Editor in 0.59 ms, found 2 plugins.
Preloading 0 native plugins for Editor in 0.00 ms.
Unloading 1505 Unused Serialized files (Serialized files now loaded: 0)
System memory in use before: 68.1 MB.
System memory in use after: 68.2 MB.

Unloading 19 unused Assets to reduce memory usage. Loaded Objects now: 1937.
Total: 3.250200 ms (FindLiveObjects: 0.261400 ms CreateObjectMapping: 0.090700 ms MarkObjects: 2.806100 ms  DeleteObjects: 0.090700 ms)

AssetImportParameters requested are different than current active one (requested -> active):
  custom:framework-win-MediaFoundation: 216162199b28c13a410421893ffa2e32 -> 
  custom:video-decoder-ogg-theora: a1e56fd34408186e4bbccfd4996cb3dc -> 
  custom:container-muxer-webm: aa71ff27fc2769a1b78a27578f13a17b -> 
  custom:container-demuxer-webm: 4f35f7cbe854078d1ac9338744f61a02 -> 
  custom:container-demuxer-ogg: 62fdf1f143b41e24485cea50d1cbac27 -> 
  custom:video-encoder-webm-vp8: eb34c28f22e8b96e1ab97ce403110664 -> 
  custom:video-decoder-webm-vp8: 9c59270c3fd7afecdb556c50c9e8de78 -> 
  custom:audio-decoder-ogg-vorbis: bf7c407c2cedff20999df2af8eb42d56 -> 
  custom:audio-encoder-webm-vorbis: bf7c407c2cedff20999df2af8eb42d56 -> 
========================================================================
Received Import Request.
  path: Assets/Scenes
  artifactKey: Guid(6edeba5bd185a8744b958d2890fd7cd8) Importer(815301076,1909f56bfc062723c751e8b465ee728b)
Start importing Assets/Scenes using Guid(6edeba5bd185a8744b958d2890fd7cd8) Importer(815301076,1909f56bfc062723c751e8b465ee728b)  -> (artifact id: 'ca345f448eff5d94a246e6de307c13f2') in 0.010847 seconds 
  Import took 0.013573 seconds .

========================================================================
Received Import Request.
  Time since last request: 0.000170 seconds.
  path: Assets/Scenes/Scene.unity
  artifactKey: Guid(9fc0d4010bbf28b4594072e72b8655ab) Importer(815301076,1909f56bfc062723c751e8b465ee728b)
Start importing Assets/Scenes/Scene.unity using Guid(9fc0d4010bbf28b4594072e72b8655ab) Importer(815301076,1909f56bfc062723c751e8b465ee728b)  -> (artifact id: '0502760f0a1a13da453ecddce94708d7') in 0.016529 seconds 
  Import took 0.020856 seconds .

========================================================================
Received Import Request.
  Time since last request: 150.914684 seconds.
  path: Assets/Scripts/ServerFullAuth.cs
  artifactKey: Guid(55f1002206d19a84c87c171e1f458ccb) Importer(815301076,1909f56bfc062723c751e8b465ee728b)
Start importing Assets/Scripts/ServerFullAuth.cs using Guid(55f1002206d19a84c87c171e1f458ccb) Importer(815301076,1909f56bfc062723c751e8b465ee728b)  -> (artifact id: 'fa31dbb64f74ab71216cb85692e1bb97') in 0.050096 seconds 
  Import took 0.053020 seconds .

========================================================================
Received Import Request.
  Time since last request: 1.355083 seconds.
  path: Assets/Scripts/Player.cs
  artifactKey: Guid(b27f54585d18ef748928dfb9a9706ecc) Importer(815301076,1909f56bfc062723c751e8b465ee728b)
Start importing Assets/Scripts/Player.cs using Guid(b27f54585d18ef748928dfb9a9706ecc) Importer(815301076,1909f56bfc062723c751e8b465ee728b)  -> (artifact id: 'f706c692c9d0c34855e86c87c4ad0e05') in 0.008674 seconds 
  Import took 0.010923 seconds .

========================================================================
Received Import Request.
  Time since last request: 1.639374 seconds.
  path: Assets/Scripts/IController.cs
  artifactKey: Guid(caecdf8f7cbe3b940aa9d8025eba8ddb) Importer(815301076,1909f56bfc062723c751e8b465ee728b)
Start importing Assets/Scripts/IController.cs using Guid(caecdf8f7cbe3b940aa9d8025eba8ddb) Importer(815301076,1909f56bfc062723c751e8b465ee728b)  -> (artifact id: 'eefbf12d73eb8ae57bbb68d388a16442') in 0.009975 seconds 
  Import took 0.012132 seconds .

========================================================================
Received Import Request.
  Time since last request: 0.703390 seconds.
  path: Assets/Scripts/FirstPlayerController.cs
  artifactKey: Guid(22e39301e36394c4ea2566e67feafe19) Importer(815301076,1909f56bfc062723c751e8b465ee728b)
Start importing Assets/Scripts/FirstPlayerController.cs using Guid(22e39301e36394c4ea2566e67feafe19) Importer(815301076,1909f56bfc062723c751e8b465ee728b)  -> (artifact id: 'eb0ff181f2dc999d175e2721d5aca046') in 0.009055 seconds 
  Import took 0.012035 seconds .

========================================================================
Received Import Request.
  Time since last request: 1.141744 seconds.
  path: Assets/Scripts/Entity.cs
  artifactKey: Guid(bc0d7657ebbbe574a942a499ad0b49a9) Importer(815301076,1909f56bfc062723c751e8b465ee728b)
Start importing Assets/Scripts/Entity.cs using Guid(bc0d7657ebbbe574a942a499ad0b49a9) Importer(815301076,1909f56bfc062723c751e8b465ee728b)  -> (artifact id: '59c62756abc51cb1348aac5125389bf0') in 0.008556 seconds 
  Import took 0.011189 seconds .

========================================================================
Received Import Request.
  Time since last request: 5.593433 seconds.
  path: Assets/Prefabs/Player.prefab
  artifactKey: Guid(2d1586836b700cf42aa6a8b99cf6429b) Importer(815301076,1909f56bfc062723c751e8b465ee728b)
Start importing Assets/Prefabs/Player.prefab using Guid(2d1586836b700cf42aa6a8b99cf6429b) Importer(815301076,1909f56bfc062723c751e8b465ee728b)  -> (artifact id: 'ec1e63384208dabcf7e63ac93306c7f6') in 0.080024 seconds 
  Import took 0.082257 seconds .

========================================================================
Received Import Request.
  Time since last request: 0.380035 seconds.
  path: Assets/Materials/FloorMat.mat
  artifactKey: Guid(1068eec25ac6e2347bbff84c98cf173f) Importer(815301076,1909f56bfc062723c751e8b465ee728b)
Start importing Assets/Materials/FloorMat.mat using Guid(1068eec25ac6e2347bbff84c98cf173f) Importer(815301076,1909f56bfc062723c751e8b465ee728b)  -> (artifact id: '8260d5963d5118e63c952a3d6e108228') in 0.056945 seconds 
  Import took 0.060000 seconds .

AssetImportWorkerClient::OnTransportError - code=2 error=End of file
